# JRE version: OpenJDK Runtime Environment (8.0_242-b01) (build 1.8.0_242-release-1644-b01)
# Java VM: OpenJDK 64-Bit Server VM (25.242-b01 mixed mode windows-amd64 compressed oops)
Heap:
 PSYoungGen      total 653824K, used 158469K [0x00000000d5580000, 0x00000000ffc80000, 0x0000000100000000)
  eden space 612864K, 19% used [0x00000000d5580000,0x00000000dc845af8,0x00000000fac00000)
  from space 40960K, 99% used [0x00000000fac00000,0x00000000fd3fbb30,0x00000000fd400000)
  to   space 41472K, 0% used [0x00000000fd400000,0x00000000fd400000,0x00000000ffc80000)
 ParOldGen       total 235008K, used 166330K [0x0000000080000000, 0x000000008e580000, 0x00000000d5580000)
  object space 235008K, 70% used [0x0000000080000000,0x000000008a26ebc0,0x000000008e580000)
 Metaspace       used 93723K, capacity 98358K, committed 98968K, reserved 1134592K
  class space    used 12157K, capacity 13014K, committed 13232K, reserved 1048576K
GC Heap History (10 events):
Event: 661.380 GC heap before
{Heap before GC invocations=35 (full 4):
 PSYoungGen      total 650240K, used 626388K [0x00000000d5580000, 0x00000000ffd80000, 0x0000000100000000)
  eden space 606208K, 100% used [0x00000000d5580000,0x00000000fa580000,0x00000000fa580000)
  from space 44032K, 45% used [0x00000000fd280000,0x00000000fe635350,0x00000000ffd80000)
  to   space 45056K, 0% used [0x00000000fa580000,0x00000000fa580000,0x00000000fd180000)
 ParOldGen       total 235008K, used 156356K [0x0000000080000000, 0x000000008e580000, 0x00000000d5580000)
  object space 235008K, 66% used [0x0000000080000000,0x00000000898b1398,0x000000008e580000)
 Metaspace       used 93615K, capacity 98346K, committed 98968K, reserved 1134592K
  class space    used 12156K, capacity 13014K, committed 13232K, reserved 1048576K
Event: 661.405 GC heap after
Heap after GC invocations=35 (full 4):
 PSYoungGen      total 651264K, used 15916K [0x00000000d5580000, 0x00000000ffc00000, 0x0000000100000000)
  eden space 606208K, 0% used [0x00000000d5580000,0x00000000d5580000,0x00000000fa580000)
  from space 45056K, 35% used [0x00000000fa580000,0x00000000fb50b218,0x00000000fd180000)
  to   space 42496K, 0% used [0x00000000fd280000,0x00000000fd280000,0x00000000ffc00000)
 ParOldGen       total 235008K, used 156364K [0x0000000080000000, 0x000000008e580000, 0x00000000d5580000)
  object space 235008K, 66% used [0x0000000080000000,0x00000000898b3398,0x000000008e580000)
 Metaspace       used 93615K, capacity 98346K, committed 98968K, reserved 1134592K
  class space    used 12156K, capacity 13014K, committed 13232K, reserved 1048576K
}
Event: 664.132 GC heap before
{Heap before GC invocations=36 (full 4):
 PSYoungGen      total 651264K, used 622124K [0x00000000d5580000, 0x00000000ffc00000, 0x0000000100000000)
  eden space 606208K, 100% used [0x00000000d5580000,0x00000000fa580000,0x00000000fa580000)
  from space 45056K, 35% used [0x00000000fa580000,0x00000000fb50b218,0x00000000fd180000)
  to   space 42496K, 0% used [0x00000000fd280000,0x00000000fd280000,0x00000000ffc00000)
 ParOldGen       total 235008K, used 156364K [0x0000000080000000, 0x000000008e580000, 0x00000000d5580000)
  object space 235008K, 66% used [0x0000000080000000,0x00000000898b3398,0x000000008e580000)
 Metaspace       used 93643K, capacity 98350K, committed 98968K, reserved 1134592K
  class space    used 12156K, capacity 13014K, committed 13232K, reserved 1048576K
Event: 664.366 GC heap after
Heap after GC invocations=36 (full 4):
 PSYoungGen      total 650752K, used 27640K [0x00000000d5580000, 0x0000000100000000, 0x0000000100000000)
  eden space 608256K, 0% used [0x00000000d5580000,0x00000000d5580000,0x00000000fa780000)
  from space 42496K, 65% used [0x00000000fd280000,0x00000000fed7e160,0x00000000ffc00000)
  to   space 44032K, 0% used [0x00000000fa780000,0x00000000fa780000,0x00000000fd280000)
 ParOldGen       total 235008K, used 156372K [0x0000000080000000, 0x000000008e580000, 0x00000000d5580000)
  object space 235008K, 66% used [0x0000000080000000,0x00000000898b5398,0x000000008e580000)
 Metaspace       used 93643K, capacity 98350K, committed 98968K, reserved 1134592K
  class space    used 12156K, capacity 13014K, committed 13232K, reserved 1048576K
}
Event: 667.150 GC heap before
{Heap before GC invocations=37 (full 4):
 PSYoungGen      total 650752K, used 635896K [0x00000000d5580000, 0x0000000100000000, 0x0000000100000000)
  eden space 608256K, 100% used [0x00000000d5580000,0x00000000fa780000,0x00000000fa780000)
  from space 42496K, 65% used [0x00000000fd280000,0x00000000fed7e160,0x00000000ffc00000)
  to   space 44032K, 0% used [0x00000000fa780000,0x00000000fa780000,0x00000000fd280000)
 ParOldGen       total 235008K, used 156372K [0x0000000080000000, 0x000000008e580000, 0x00000000d5580000)
  object space 235008K, 66% used [0x0000000080000000,0x00000000898b5398,0x000000008e580000)
 Metaspace       used 93647K, capacity 98350K, committed 98968K, reserved 1134592K
  class space    used 12156K, capacity 13014K, committed 13232K, reserved 1048576K
Event: 667.186 GC heap after
Heap after GC invocations=37 (full 4):
 PSYoungGen      total 652288K, used 18752K [0x00000000d5580000, 0x00000000ffc80000, 0x0000000100000000)
  eden space 608256K, 0% used [0x00000000d5580000,0x00000000d5580000,0x00000000fa780000)
  from space 44032K, 42% used [0x00000000fa780000,0x00000000fb9d02f0,0x00000000fd280000)
  to   space 41472K, 0% used [0x00000000fd400000,0x00000000fd400000,0x00000000ffc80000)
 ParOldGen       total 235008K, used 161583K [0x0000000080000000, 0x000000008e580000, 0x00000000d5580000)
  object space 235008K, 68% used [0x0000000080000000,0x0000000089dcbdf8,0x000000008e580000)
 Metaspace       used 93647K, capacity 98350K, committed 98968K, reserved 1134592K
  class space    used 12156K, capacity 13014K, committed 13232K, reserved 1048576K
}
Event: 671.764 GC heap before
{Heap before GC invocations=38 (full 4):
 PSYoungGen      total 652288K, used 627008K [0x00000000d5580000, 0x00000000ffc80000, 0x0000000100000000)
  eden space 608256K, 100% used [0x00000000d5580000,0x00000000fa780000,0x00000000fa780000)
  from space 44032K, 42% used [0x00000000fa780000,0x00000000fb9d02f0,0x00000000fd280000)
  to   space 41472K, 0% used [0x00000000fd400000,0x00000000fd400000,0x00000000ffc80000)
 ParOldGen       total 235008K, used 161583K [0x0000000080000000, 0x000000008e580000, 0x00000000d5580000)
  object space 235008K, 68% used [0x0000000080000000,0x0000000089dcbdf8,0x000000008e580000)
 Metaspace       used 93689K, capacity 98358K, committed 98968K, reserved 1134592K
  class space    used 12157K, capacity 13014K, committed 13232K, reserved 1048576K
Event: 671.785 GC heap after
Heap after GC invocations=38 (full 4):
 PSYoungGen      total 654336K, used 6543K [0x00000000d5580000, 0x00000000ffc80000, 0x0000000100000000)
  eden space 612864K, 0% used [0x00000000d5580000,0x00000000d5580000,0x00000000fac00000)
  from space 41472K, 15% used [0x00000000fd400000,0x00000000fda63c30,0x00000000ffc80000)
  to   space 40960K, 0% used [0x00000000fac00000,0x00000000fac00000,0x00000000fd400000)
 ParOldGen       total 235008K, used 162768K [0x0000000080000000, 0x000000008e580000, 0x00000000d5580000)
  object space 235008K, 69% used [0x0000000080000000,0x0000000089ef4160,0x000000008e580000)
 Metaspace       used 93689K, capacity 98358K, committed 98968K, reserved 1134592K
  class space    used 12157K, capacity 13014K, committed 13232K, reserved 1048576K
}
Event: 673.553 GC heap before
{Heap before GC invocations=39 (full 4):
 PSYoungGen      total 654336K, used 619407K [0x00000000d5580000, 0x00000000ffc80000, 0x0000000100000000)
  eden space 612864K, 100% used [0x00000000d5580000,0x00000000fac00000,0x00000000fac00000)
  from space 41472K, 15% used [0x00000000fd400000,0x00000000fda63c30,0x00000000ffc80000)
  to   space 40960K, 0% used [0x00000000fac00000,0x00000000fac00000,0x00000000fd400000)
 ParOldGen       total 235008K, used 162768K [0x0000000080000000, 0x000000008e580000, 0x00000000d5580000)
  object space 235008K, 69% used [0x0000000080000000,0x0000000089ef4160,0x000000008e580000)
 Metaspace       used 93721K, capacity 98358K, committed 98968K, reserved 1134592K
  class space    used 12157K, capacity 13014K, committed 13232K, reserved 1048576K
Event: 673.618 GC heap after
Heap after GC invocations=39 (full 4):
 PSYoungGen      total 653824K, used 40942K [0x00000000d5580000, 0x00000000ffc80000, 0x0000000100000000)
  eden space 612864K, 0% used [0x00000000d5580000,0x00000000d5580000,0x00000000fac00000)
  from space 40960K, 99% used [0x00000000fac00000,0x00000000fd3fbb30,0x00000000fd400000)
  to   space 41472K, 0% used [0x00000000fd400000,0x00000000fd400000,0x00000000ffc80000)
 ParOldGen       total 235008K, used 166330K [0x0000000080000000, 0x000000008e580000, 0x00000000d5580000)
  object space 235008K, 70% used [0x0000000080000000,0x000000008a26ebc0,0x000000008e580000)
 Metaspace       used 93721K, capacity 98358K, committed 98968K, reserved 1134592K
  class space    used 12157K, capacity 13014K, committed 13232K, reserved 1048576K
}

