# JRE version: OpenJDK Runtime Environment (8.0_242-b01) (build 1.8.0_242-release-1644-b01)
# Java VM: OpenJDK 64-Bit Server VM (25.242-b01 mixed mode windows-amd64 compressed oops)
Heap:
 PSYoungGen      total 352256K, used 159701K [0x00000000d5580000, 0x00000000ed880000, 0x0000000100000000)
  eden space 309760K, 43% used [0x00000000d5580000,0x00000000dd8ad5c8,0x00000000e8400000)
  from space 42496K, 59% used [0x00000000eae00000,0x00000000ec6c8000,0x00000000ed780000)
  to   space 43008K, 0% used [0x00000000e8400000,0x00000000e8400000,0x00000000eae00000)
 ParOldGen       total 248832K, used 111787K [0x0000000080000000, 0x000000008f300000, 0x00000000d5580000)
  object space 248832K, 44% used [0x0000000080000000,0x0000000086d2acc8,0x000000008f300000)
 Metaspace       used 93874K, capacity 98490K, committed 99096K, reserved 1134592K
  class space    used 12257K, capacity 13118K, committed 13360K, reserved 1048576K
GC Heap History (10 events):
Event: 110.117 GC heap before
{Heap before GC invocations=38 (full 4):
 PSYoungGen      total 289792K, used 248016K [0x00000000d5580000, 0x00000000eb900000, 0x0000000100000000)
  eden space 234496K, 100% used [0x00000000d5580000,0x00000000e3a80000,0x00000000e3a80000)
  from space 55296K, 24% used [0x00000000e3a80000,0x00000000e47b4110,0x00000000e7080000)
  to   space 52224K, 0% used [0x00000000e8600000,0x00000000e8600000,0x00000000eb900000)
 ParOldGen       total 248832K, used 111779K [0x0000000080000000, 0x000000008f300000, 0x00000000d5580000)
  object space 248832K, 44% used [0x0000000080000000,0x0000000086d28cc8,0x000000008f300000)
 Metaspace       used 93831K, capacity 98426K, committed 99096K, reserved 1134592K
  class space    used 12257K, capacity 13118K, committed 13360K, reserved 1048576K
Event: 110.153 GC heap after
Heap after GC invocations=38 (full 4):
 PSYoungGen      total 303616K, used 14272K [0x00000000d5580000, 0x00000000eb200000, 0x0000000100000000)
  eden space 258560K, 0% used [0x00000000d5580000,0x00000000d5580000,0x00000000e5200000)
  from space 45056K, 31% used [0x00000000e8600000,0x00000000e93f0000,0x00000000eb200000)
  to   space 49152K, 0% used [0x00000000e5200000,0x00000000e5200000,0x00000000e8200000)
 ParOldGen       total 248832K, used 111779K [0x0000000080000000, 0x000000008f300000, 0x00000000d5580000)
  object space 248832K, 44% used [0x0000000080000000,0x0000000086d28cc8,0x000000008f300000)
 Metaspace       used 93831K, capacity 98426K, committed 99096K, reserved 1134592K
  class space    used 12257K, capacity 13118K, committed 13360K, reserved 1048576K
}
Event: 111.903 GC heap before
{Heap before GC invocations=39 (full 4):
 PSYoungGen      total 303616K, used 272832K [0x00000000d5580000, 0x00000000eb200000, 0x0000000100000000)
  eden space 258560K, 100% used [0x00000000d5580000,0x00000000e5200000,0x00000000e5200000)
  from space 45056K, 31% used [0x00000000e8600000,0x00000000e93f0000,0x00000000eb200000)
  to   space 49152K, 0% used [0x00000000e5200000,0x00000000e5200000,0x00000000e8200000)
 ParOldGen       total 248832K, used 111779K [0x0000000080000000, 0x000000008f300000, 0x00000000d5580000)
  object space 248832K, 44% used [0x0000000080000000,0x0000000086d28cc8,0x000000008f300000)
 Metaspace       used 93839K, capacity 98426K, committed 99096K, reserved 1134592K
  class space    used 12257K, capacity 13118K, committed 13360K, reserved 1048576K
Event: 111.947 GC heap after
Heap after GC invocations=39 (full 4):
 PSYoungGen      total 307712K, used 16800K [0x00000000d5580000, 0x00000000ec580000, 0x0000000100000000)
  eden space 258560K, 0% used [0x00000000d5580000,0x00000000d5580000,0x00000000e5200000)
  from space 49152K, 34% used [0x00000000e5200000,0x00000000e6268000,0x00000000e8200000)
  to   space 46080K, 0% used [0x00000000e9880000,0x00000000e9880000,0x00000000ec580000)
 ParOldGen       total 248832K, used 111779K [0x0000000080000000, 0x000000008f300000, 0x00000000d5580000)
  object space 248832K, 44% used [0x0000000080000000,0x0000000086d28cc8,0x000000008f300000)
 Metaspace       used 93839K, capacity 98426K, committed 99096K, reserved 1134592K
  class space    used 12257K, capacity 13118K, committed 13360K, reserved 1048576K
}
Event: 113.447 GC heap before
{Heap before GC invocations=40 (full 4):
 PSYoungGen      total 307712K, used 275360K [0x00000000d5580000, 0x00000000ec580000, 0x0000000100000000)
  eden space 258560K, 100% used [0x00000000d5580000,0x00000000e5200000,0x00000000e5200000)
  from space 49152K, 34% used [0x00000000e5200000,0x00000000e6268000,0x00000000e8200000)
  to   space 46080K, 0% used [0x00000000e9880000,0x00000000e9880000,0x00000000ec580000)
 ParOldGen       total 248832K, used 111779K [0x0000000080000000, 0x000000008f300000, 0x00000000d5580000)
  object space 248832K, 44% used [0x0000000080000000,0x0000000086d28cc8,0x000000008f300000)
 Metaspace       used 93863K, capacity 98490K, committed 99096K, reserved 1134592K
  class space    used 12257K, capacity 13118K, committed 13360K, reserved 1048576K
Event: 113.474 GC heap after
Heap after GC invocations=40 (full 4):
 PSYoungGen      total 323584K, used 18464K [0x00000000d5580000, 0x00000000ec000000, 0x0000000100000000)
  eden space 283136K, 0% used [0x00000000d5580000,0x00000000d5580000,0x00000000e6a00000)
  from space 40448K, 45% used [0x00000000e9880000,0x00000000eaa88000,0x00000000ec000000)
  to   space 44032K, 0% used [0x00000000e6a00000,0x00000000e6a00000,0x00000000e9500000)
 ParOldGen       total 248832K, used 111787K [0x0000000080000000, 0x000000008f300000, 0x00000000d5580000)
  object space 248832K, 44% used [0x0000000080000000,0x0000000086d2acc8,0x000000008f300000)
 Metaspace       used 93863K, capacity 98490K, committed 99096K, reserved 1134592K
  class space    used 12257K, capacity 13118K, committed 13360K, reserved 1048576K
}
Event: 115.367 GC heap before
{Heap before GC invocations=41 (full 4):
 PSYoungGen      total 323584K, used 301600K [0x00000000d5580000, 0x00000000ec000000, 0x0000000100000000)
  eden space 283136K, 100% used [0x00000000d5580000,0x00000000e6a00000,0x00000000e6a00000)
  from space 40448K, 45% used [0x00000000e9880000,0x00000000eaa88000,0x00000000ec000000)
  to   space 44032K, 0% used [0x00000000e6a00000,0x00000000e6a00000,0x00000000e9500000)
 ParOldGen       total 248832K, used 111787K [0x0000000080000000, 0x000000008f300000, 0x00000000d5580000)
  object space 248832K, 44% used [0x0000000080000000,0x0000000086d2acc8,0x000000008f300000)
 Metaspace       used 93867K, capacity 98490K, committed 99096K, reserved 1134592K
  class space    used 12257K, capacity 13118K, committed 13360K, reserved 1048576K
Event: 115.413 GC heap after
Heap after GC invocations=41 (full 4):
 PSYoungGen      total 327168K, used 19808K [0x00000000d5580000, 0x00000000ed780000, 0x0000000100000000)
  eden space 283136K, 0% used [0x00000000d5580000,0x00000000d5580000,0x00000000e6a00000)
  from space 44032K, 44% used [0x00000000e6a00000,0x00000000e7d58000,0x00000000e9500000)
  to   space 42496K, 0% used [0x00000000eae00000,0x00000000eae00000,0x00000000ed780000)
 ParOldGen       total 248832K, used 111787K [0x0000000080000000, 0x000000008f300000, 0x00000000d5580000)
  object space 248832K, 44% used [0x0000000080000000,0x0000000086d2acc8,0x000000008f300000)
 Metaspace       used 93867K, capacity 98490K, committed 99096K, reserved 1134592K
  class space    used 12257K, capacity 13118K, committed 13360K, reserved 1048576K
}
Event: 117.658 GC heap before
{Heap before GC invocations=42 (full 4):
 PSYoungGen      total 327168K, used 302944K [0x00000000d5580000, 0x00000000ed780000, 0x0000000100000000)
  eden space 283136K, 100% used [0x00000000d5580000,0x00000000e6a00000,0x00000000e6a00000)
  from space 44032K, 44% used [0x00000000e6a00000,0x00000000e7d58000,0x00000000e9500000)
  to   space 42496K, 0% used [0x00000000eae00000,0x00000000eae00000,0x00000000ed780000)
 ParOldGen       total 248832K, used 111787K [0x0000000080000000, 0x000000008f300000, 0x00000000d5580000)
  object space 248832K, 44% used [0x0000000080000000,0x0000000086d2acc8,0x000000008f300000)
 Metaspace       used 93870K, capacity 98490K, committed 99096K, reserved 1134592K
  class space    used 12257K, capacity 13118K, committed 13360K, reserved 1048576K
Event: 117.712 GC heap after
Heap after GC invocations=42 (full 4):
 PSYoungGen      total 352256K, used 25376K [0x00000000d5580000, 0x00000000ed880000, 0x0000000100000000)
  eden space 309760K, 0% used [0x00000000d5580000,0x00000000d5580000,0x00000000e8400000)
  from space 42496K, 59% used [0x00000000eae00000,0x00000000ec6c8000,0x00000000ed780000)
  to   space 43008K, 0% used [0x00000000e8400000,0x00000000e8400000,0x00000000eae00000)
 ParOldGen       total 248832K, used 111787K [0x0000000080000000, 0x000000008f300000, 0x00000000d5580000)
  object space 248832K, 44% used [0x0000000080000000,0x0000000086d2acc8,0x000000008f300000)
 Metaspace       used 93870K, capacity 98490K, committed 99096K, reserved 1134592K
  class space    used 12257K, capacity 13118K, committed 13360K, reserved 1048576K
}

